<?xml version="1.0" encoding="UTF-8"?>
<!-- Generated by org.testng.reporters.JUnitXMLReporter -->
<testsuite ignored="0" hostname="DESKTOP-B1VQ5II" failures="1" tests="26" name="Test" time="349.752" errors="0" timestamp="2021-10-04T16:52:51 IST">
  <testcase classname="TestNg.Test1" name="sampleAutomation" time="29.907">
    <failure type="org.openqa.selenium.WebDriverException" message="Timed out waiting for driver server to start.
Build info: version: &amp;apos;3.141.59&amp;apos;, revision: &amp;apos;e82be7d358&amp;apos;, time: &amp;apos;2018-11-14T08:17:03&amp;apos;
System info: host: &amp;apos;DESKTOP-B1VQ5II&amp;apos;, ip: &amp;apos;192.168.238.1&amp;apos;, os.name: &amp;apos;Windows 10&amp;apos;, os.arch: &amp;apos;amd64&amp;apos;, os.version: &amp;apos;10.0&amp;apos;, java.version: &amp;apos;11.0.11&amp;apos;
Driver info: driver.version: ChromeDriver">
      <![CDATA[org.openqa.selenium.WebDriverException: Timed out waiting for driver server to start.
Build info: version: '3.141.59', revision: 'e82be7d358', time: '2018-11-14T08:17:03'
System info: host: 'DESKTOP-B1VQ5II', ip: '192.168.238.1', os.name: 'Windows 10', os.arch: 'amd64', os.version: '10.0', java.version: '11.0.11'
Driver info: driver.version: ChromeDriver
at org.openqa.selenium.remote.service.DriverService.waitUntilAvailable(DriverService.java:202)
at org.openqa.selenium.remote.service.DriverService.start(DriverService.java:188)
at org.openqa.selenium.remote.service.DriverCommandExecutor.execute(DriverCommandExecutor.java:79)
at org.openqa.selenium.remote.RemoteWebDriver.execute(RemoteWebDriver.java:552)
at org.openqa.selenium.remote.RemoteWebDriver.startSession(RemoteWebDriver.java:213)
at org.openqa.selenium.remote.RemoteWebDriver.<init>(RemoteWebDriver.java:131)
at org.openqa.selenium.chrome.ChromeDriver.<init>(ChromeDriver.java:181)
at org.openqa.selenium.chrome.ChromeDriver.<init>(ChromeDriver.java:168)
at org.openqa.selenium.chrome.ChromeDriver.<init>(ChromeDriver.java:123)
at TestNg.Test1.sampleAutomation(Test1.java:18)
at java.base/java.util.ArrayList.forEach(ArrayList.java:1541)
Caused by: org.openqa.selenium.net.UrlChecker$TimeoutException: Timed out waiting for [http://localhost:31174/status] to be available after 20079 ms
at org.openqa.selenium.net.UrlChecker.waitUntilAvailable(UrlChecker.java:100)
at org.openqa.selenium.remote.service.DriverService.waitUntilAvailable(DriverService.java:197)
... 37 more
Caused by: java.util.concurrent.TimeoutException
at java.base/java.util.concurrent.FutureTask.get(FutureTask.java:204)
at com.google.common.util.concurrent.SimpleTimeLimiter.callWithTimeout(SimpleTimeLimiter.java:156)
at org.openqa.selenium.net.UrlChecker.waitUntilAvailable(UrlChecker.java:75)
... 38 more
... Removed 27 stack frames]]>
    </failure>
  </testcase> <!-- sampleAutomation -->
  <testcase classname="TestNg.BeforeAndAfterClass" name="testRegistration" time="0.006"/>
  <testcase classname="TestNg.BeforeAndAfterClass" name="testLogin" time="0.004"/>
  <testcase classname="TestNg.BeforeAndAfterClass" name="testHomepage" time="0.018"/>
  <testcase classname="kpack.ClassThree" name="clsThree" time="0.002"/>
  <testcase classname="kpack.ClassOne" name="clsOneA" time="70.508"/>
  <testcase classname="kpack.ClassOne" name="clsOneB" time="36.078"/>
  <testcase classname="kpack.ClassOne" name="clsOneC" time="92.757"/>
  <testcase classname="kpack.ClassOne" name="clsOneD" time="119.99"/>
  <testcase classname="mpack.Classfive" name="clsFive" time="0.003"/>
  <testcase classname="opack.ClassSeven" name="clsSeven" time="0.001"/>
  <testcase classname="kpack.ClassFour" name="clsFour" time="0.004"/>
  <testcase classname="kpack.ClassTwo" name="clstwo" time="0.003"/>
  <testcase classname="TestNg.BeforeMethod1" name="testRegistration" time="0.003"/>
  <testcase classname="TestNg.BeforeMethod1" name="testLogin" time="0.002"/>
  <testcase classname="TestNg.BeforeMethod1" name="testHomepage" time="0.002"/>
  <testcase classname="TestNg.AfterMethod1" name="testRegistration" time="0.003"/>
  <testcase classname="TestNg.AfterMethod1" name="testLogin" time="0.002"/>
  <testcase classname="TestNg.AfterMethod1" name="testHomepage" time="0.002"/>
  <testcase classname="mpack.ClassSix" name="clsSix" time="0.002"/>
  <testcase classname="TestNg.Priority" name="testRegistration" time="0.002"/>
  <testcase classname="TestNg.Priority" name="testLogin" time="0.002"/>
  <testcase classname="TestNg.Priority" name="testHomepage" time="0.002"/>
  <testcase classname="TestNg.Provider" name="loginTest" time="0.001"/>
  <testcase classname="TestNg.Provider" name="loginTest" time="0.001"/>
  <testcase classname="TestNg.Provider" name="loginTest" time="0.002"/>
</testsuite> <!-- Test -->
