<html>
<head>
<title>TestNG:  Test</title>
<link href="../testng.css" rel="stylesheet" type="text/css" />
<link href="../my-testng.css" rel="stylesheet" type="text/css" />

<style type="text/css">
.log { display: none;} 
.stack-trace { display: none;} 
</style>
<script type="text/javascript">
<!--
function flip(e) {
  current = e.style.display;
  if (current == 'block') {
    e.style.display = 'none';
    return 0;
  }
  else {
    e.style.display = 'block';
    return 1;
  }
}

function toggleBox(szDivId, elem, msg1, msg2)
{
  var res = -1;  if (document.getElementById) {
    res = flip(document.getElementById(szDivId));
  }
  else if (document.all) {
    // this is the way old msie versions work
    res = flip(document.all[szDivId]);
  }
  if(elem) {
    if(res == 0) elem.innerHTML = msg1; else elem.innerHTML = msg2;
  }

}

function toggleAllBoxes() {
  if (document.getElementsByTagName) {
    d = document.getElementsByTagName('div');
    for (i = 0; i < d.length; i++) {
      if (d[i].className == 'log') {
        flip(d[i]);
      }
    }
  }
}

// -->
</script>

</head>
<body>
<h2 align='center'>Test</h2><table border='1' align="center">
<tr>
<td>Tests passed/Failed/Skipped:</td><td>25/1/0</td>
</tr><tr>
<td>Started on:</td><td>Mon Oct 04 16:47:01 IST 2021</td>
</tr>
<tr><td>Total time:</td><td>349 seconds (349752 ms)</td>
</tr><tr>
<td>Included groups:</td><td></td>
</tr><tr>
<td>Excluded groups:</td><td></td>
</tr>
</table><p/>
<small><i>(Hover the method name to see the test class name)</i></small><p/>
<table width='100%' border='1' class='invocation-failed'>
<tr><td colspan='4' align='center'><b>FAILED TESTS</b></td></tr>
<tr><td><b>Test method</b></td>
<td width="30%"><b>Exception</b></td>
<td width="10%"><b>Time (seconds)</b></td>
<td><b>Instance</b></td>
</tr>
<tr>
<td title='TestNg.Test1.sampleAutomation()'><b>sampleAutomation</b><br>Test class: TestNg.Test1</td>
<td><div><pre>org.openqa.selenium.WebDriverException: Timed out waiting for driver server to start.
Build info: version: &apos;3.141.59&apos;, revision: &apos;e82be7d358&apos;, time: &apos;2018-11-14T08:17:03&apos;
System info: host: &apos;DESKTOP-B1VQ5II&apos;, ip: &apos;192.168.238.1&apos;, os.name: &apos;Windows 10&apos;, os.arch: &apos;amd64&apos;, os.version: &apos;10.0&apos;, java.version: &apos;11.0.11&apos;
Driver info: driver.version: ChromeDriver
	at org.openqa.selenium.remote.service.DriverService.waitUntilAvailable(DriverService.java:202)
	at org.openqa.selenium.remote.service.DriverService.start(DriverService.java:188)
	at org.openqa.selenium.remote.service.DriverCommandExecutor.execute(DriverCommandExecutor.java:79)
	at org.openqa.selenium.remote.RemoteWebDriver.execute(RemoteWebDriver.java:552)
	at org.openqa.selenium.remote.RemoteWebDriver.startSession(RemoteWebDriver.java:213)
	at org.openqa.selenium.remote.RemoteWebDriver.&lt;init&gt;(RemoteWebDriver.java:131)
	at org.openqa.selenium.chrome.ChromeDriver.&lt;init&gt;(ChromeDriver.java:181)
	at org.openqa.selenium.chrome.ChromeDriver.&lt;init&gt;(ChromeDriver.java:168)
	at org.openqa.selenium.chrome.ChromeDriver.&lt;init&gt;(ChromeDriver.java:123)
	at TestNg.Test1.sampleAutomation(Test1.java:18)
	at java.base/java.util.ArrayList.forEach(ArrayList.java:1541)
Caused by: org.openqa.selenium.net.UrlChecker$TimeoutException: Timed out waiting for [http://localhost:31174/status] to be available after 20079 ms
	at org.openqa.selenium.net.UrlChecker.waitUntilAvailable(UrlChecker.java:100)
	at org.openqa.selenium.remote.service.DriverService.waitUntilAvailable(DriverService.java:197)
	... 37 more
Caused by: java.util.concurrent.TimeoutException
	at java.base/java.util.concurrent.FutureTask.get(FutureTask.java:204)
	at com.google.common.util.concurrent.SimpleTimeLimiter.callWithTimeout(SimpleTimeLimiter.java:156)
	at org.openqa.selenium.net.UrlChecker.waitUntilAvailable(UrlChecker.java:75)
	... 38 more
... Removed 27 stack frames</pre></div><a href='#' onClick='toggleBox("stack-trace244577237", this, "Click to show all stack frames", "Click to hide stack frames")'>Click to show all stack frames</a>
<div class='stack-trace' id='stack-trace244577237'><pre>org.openqa.selenium.WebDriverException: Timed out waiting for driver server to start.
Build info: version: &apos;3.141.59&apos;, revision: &apos;e82be7d358&apos;, time: &apos;2018-11-14T08:17:03&apos;
System info: host: &apos;DESKTOP-B1VQ5II&apos;, ip: &apos;192.168.238.1&apos;, os.name: &apos;Windows 10&apos;, os.arch: &apos;amd64&apos;, os.version: &apos;10.0&apos;, java.version: &apos;11.0.11&apos;
Driver info: driver.version: ChromeDriver
	at org.openqa.selenium.remote.service.DriverService.waitUntilAvailable(DriverService.java:202)
	at org.openqa.selenium.remote.service.DriverService.start(DriverService.java:188)
	at org.openqa.selenium.remote.service.DriverCommandExecutor.execute(DriverCommandExecutor.java:79)
	at org.openqa.selenium.remote.RemoteWebDriver.execute(RemoteWebDriver.java:552)
	at org.openqa.selenium.remote.RemoteWebDriver.startSession(RemoteWebDriver.java:213)
	at org.openqa.selenium.remote.RemoteWebDriver.&lt;init&gt;(RemoteWebDriver.java:131)
	at org.openqa.selenium.chrome.ChromeDriver.&lt;init&gt;(ChromeDriver.java:181)
	at org.openqa.selenium.chrome.ChromeDriver.&lt;init&gt;(ChromeDriver.java:168)
	at org.openqa.selenium.chrome.ChromeDriver.&lt;init&gt;(ChromeDriver.java:123)
	at TestNg.Test1.sampleAutomation(Test1.java:18)
	at java.base/jdk.internal.reflect.NativeMethodAccessorImpl.invoke0(Native Method)
	at java.base/jdk.internal.reflect.NativeMethodAccessorImpl.invoke(NativeMethodAccessorImpl.java:62)
	at java.base/jdk.internal.reflect.DelegatingMethodAccessorImpl.invoke(DelegatingMethodAccessorImpl.java:43)
	at java.base/java.lang.reflect.Method.invoke(Method.java:566)
	at org.testng.internal.MethodInvocationHelper.invokeMethod(MethodInvocationHelper.java:133)
	at org.testng.internal.TestInvoker.invokeMethod(TestInvoker.java:598)
	at org.testng.internal.TestInvoker.invokeTestMethod(TestInvoker.java:173)
	at org.testng.internal.MethodRunner.runInSequence(MethodRunner.java:46)
	at org.testng.internal.TestInvoker$MethodInvocationAgent.invoke(TestInvoker.java:824)
	at org.testng.internal.TestInvoker.invokeTestMethods(TestInvoker.java:146)
	at org.testng.internal.TestMethodWorker.invokeTestMethods(TestMethodWorker.java:146)
	at org.testng.internal.TestMethodWorker.run(TestMethodWorker.java:128)
	at java.base/java.util.ArrayList.forEach(ArrayList.java:1541)
	at org.testng.TestRunner.privateRun(TestRunner.java:794)
	at org.testng.TestRunner.run(TestRunner.java:596)
	at org.testng.SuiteRunner.runTest(SuiteRunner.java:377)
	at org.testng.SuiteRunner.runSequentially(SuiteRunner.java:371)
	at org.testng.SuiteRunner.privateRun(SuiteRunner.java:332)
	at org.testng.SuiteRunner.run(SuiteRunner.java:276)
	at org.testng.SuiteRunnerWorker.runSuite(SuiteRunnerWorker.java:53)
	at org.testng.SuiteRunnerWorker.run(SuiteRunnerWorker.java:96)
	at org.testng.TestNG.runSuitesSequentially(TestNG.java:1212)
	at org.testng.TestNG.runSuitesLocally(TestNG.java:1134)
	at org.testng.TestNG.runSuites(TestNG.java:1063)
	at org.testng.TestNG.run(TestNG.java:1031)
	at org.testng.remote.AbstractRemoteTestNG.run(AbstractRemoteTestNG.java:115)
	at org.testng.remote.RemoteTestNG.initAndRun(RemoteTestNG.java:251)
	at org.testng.remote.RemoteTestNG.main(RemoteTestNG.java:77)
Caused by: org.openqa.selenium.net.UrlChecker$TimeoutException: Timed out waiting for [http://localhost:31174/status] to be available after 20079 ms
	at org.openqa.selenium.net.UrlChecker.waitUntilAvailable(UrlChecker.java:100)
	at org.openqa.selenium.remote.service.DriverService.waitUntilAvailable(DriverService.java:197)
	... 37 more
Caused by: java.util.concurrent.TimeoutException
	at java.base/java.util.concurrent.FutureTask.get(FutureTask.java:204)
	at com.google.common.util.concurrent.SimpleTimeLimiter.callWithTimeout(SimpleTimeLimiter.java:156)
	at org.openqa.selenium.net.UrlChecker.waitUntilAvailable(UrlChecker.java:75)
	... 38 more
</pre></div></td>
<td>29</td>
<td>TestNg.Test1@1e683a3e</td></tr>
</table><p>
<table width='100%' border='1' class='invocation-passed'>
<tr><td colspan='4' align='center'><b>PASSED TESTS</b></td></tr>
<tr><td><b>Test method</b></td>
<td width="30%"><b>Exception</b></td>
<td width="10%"><b>Time (seconds)</b></td>
<td><b>Instance</b></td>
</tr>
<tr>
<td title='opack.ClassSeven.clsSeven()'><b>clsSeven</b><br>Test class: opack.ClassSeven</td>
<td></td>
<td>0</td>
<td>opack.ClassSeven@7c24b813</td></tr>
<tr>
<td title='kpack.ClassThree.clsThree()'><b>clsThree</b><br>Test class: kpack.ClassThree</td>
<td></td>
<td>0</td>
<td>kpack.ClassThree@543588e6</td></tr>
<tr>
<td title='kpack.ClassTwo.clstwo()'><b>clstwo</b><br>Test class: kpack.ClassTwo</td>
<td></td>
<td>0</td>
<td>kpack.ClassTwo@7bd4937b</td></tr>
<tr>
<td title='TestNg.Provider.loginTest()'><b>loginTest</b><br>Test class: TestNg.Provider<br>Parameters: ajay, 45465</td>
<td></td>
<td>0</td>
<td>TestNg.Provider@741a8937</td></tr>
<tr>
<td title='TestNg.Priority.testHomepage()'><b>testHomepage</b><br>Test class: TestNg.Priority</td>
<td></td>
<td>0</td>
<td>TestNg.Priority@74751b3</td></tr>
<tr>
<td title='kpack.ClassOne.clsOneA()'><b>clsOneA</b><br>Test class: kpack.ClassOne</td>
<td></td>
<td>70</td>
<td>kpack.ClassOne@5d7148e2</td></tr>
<tr>
<td title='TestNg.BeforeAndAfterClass.testRegistration()'><b>testRegistration</b><br>Test class: TestNg.BeforeAndAfterClass</td>
<td></td>
<td>0</td>
<td>TestNg.BeforeAndAfterClass@58695725</td></tr>
<tr>
<td title='TestNg.Provider.loginTest()'><b>loginTest</b><br>Test class: TestNg.Provider<br>Parameters: vinay, 12345</td>
<td></td>
<td>0</td>
<td>TestNg.Provider@741a8937</td></tr>
<tr>
<td title='TestNg.AfterMethod1.testHomepage()'><b>testHomepage</b><br>Test class: TestNg.AfterMethod1</td>
<td></td>
<td>0</td>
<td>TestNg.AfterMethod1@5ba3f27a</td></tr>
<tr>
<td title='TestNg.BeforeAndAfterClass.testHomepage()'><b>testHomepage</b><br>Test class: TestNg.BeforeAndAfterClass</td>
<td></td>
<td>0</td>
<td>TestNg.BeforeAndAfterClass@58695725</td></tr>
<tr>
<td title='TestNg.Priority.testLogin()'><b>testLogin</b><br>Test class: TestNg.Priority</td>
<td></td>
<td>0</td>
<td>TestNg.Priority@74751b3</td></tr>
<tr>
<td title='kpack.ClassOne.clsOneD()'><b>clsOneD</b><br>Test class: kpack.ClassOne</td>
<td></td>
<td>119</td>
<td>kpack.ClassOne@5d7148e2</td></tr>
<tr>
<td title='kpack.ClassFour.clsFour()'><b>clsFour</b><br>Test class: kpack.ClassFour</td>
<td></td>
<td>0</td>
<td>kpack.ClassFour@2c35e847</td></tr>
<tr>
<td title='TestNg.Provider.loginTest()'><b>loginTest</b><br>Test class: TestNg.Provider<br>Parameters: vikram, 97898</td>
<td></td>
<td>0</td>
<td>TestNg.Provider@741a8937</td></tr>
<tr>
<td title='TestNg.AfterMethod1.testLogin()'><b>testLogin</b><br>Test class: TestNg.AfterMethod1</td>
<td></td>
<td>0</td>
<td>TestNg.AfterMethod1@5ba3f27a</td></tr>
<tr>
<td title='kpack.ClassOne.clsOneC()'><b>clsOneC</b><br>Test class: kpack.ClassOne</td>
<td></td>
<td>92</td>
<td>kpack.ClassOne@5d7148e2</td></tr>
<tr>
<td title='TestNg.BeforeMethod1.testLogin()'><b>testLogin</b><br>Test class: TestNg.BeforeMethod1</td>
<td></td>
<td>0</td>
<td>TestNg.BeforeMethod1@21e360a</td></tr>
<tr>
<td title='TestNg.Priority.testRegistration()'><b>testRegistration</b><br>Test class: TestNg.Priority</td>
<td></td>
<td>0</td>
<td>TestNg.Priority@74751b3</td></tr>
<tr>
<td title='TestNg.BeforeMethod1.testRegistration()'><b>testRegistration</b><br>Test class: TestNg.BeforeMethod1</td>
<td></td>
<td>0</td>
<td>TestNg.BeforeMethod1@21e360a</td></tr>
<tr>
<td title='TestNg.BeforeAndAfterClass.testLogin()'><b>testLogin</b><br>Test class: TestNg.BeforeAndAfterClass</td>
<td></td>
<td>0</td>
<td>TestNg.BeforeAndAfterClass@58695725</td></tr>
<tr>
<td title='mpack.Classfive.clsFive()'><b>clsFive</b><br>Test class: mpack.Classfive</td>
<td></td>
<td>0</td>
<td>mpack.Classfive@25fb8912</td></tr>
<tr>
<td title='kpack.ClassOne.clsOneB()'><b>clsOneB</b><br>Test class: kpack.ClassOne</td>
<td></td>
<td>36</td>
<td>kpack.ClassOne@5d7148e2</td></tr>
<tr>
<td title='mpack.ClassSix.clsSix()'><b>clsSix</b><br>Test class: mpack.ClassSix</td>
<td></td>
<td>0</td>
<td>mpack.ClassSix@58d75e99</td></tr>
<tr>
<td title='TestNg.BeforeMethod1.testHomepage()'><b>testHomepage</b><br>Test class: TestNg.BeforeMethod1</td>
<td></td>
<td>0</td>
<td>TestNg.BeforeMethod1@21e360a</td></tr>
<tr>
<td title='TestNg.AfterMethod1.testRegistration()'><b>testRegistration</b><br>Test class: TestNg.AfterMethod1</td>
<td></td>
<td>0</td>
<td>TestNg.AfterMethod1@5ba3f27a</td></tr>
</table><p>
</body>
</html>